TN:
SF:script/L1/AmphorSyntheticVault/L1_USDC_DeployAmphorSyntheticVaultWithPermit.sol
FN:10,L1_USDC_DeployAmphorSyntheticVault.setUp
FNDA:0,L1_USDC_DeployAmphorSyntheticVault.setUp
DA:14,0
DA:16,0
DA:17,0
DA:18,0
DA:20,0
DA:21,0
DA:22,0
DA:29,0
DA:31,0
DA:34,0
DA:36,0
DA:40,0
FN:43,L1_USDC_DeployAmphorSyntheticVault.run
FNDA:0,L1_USDC_DeployAmphorSyntheticVault.run
DA:44,0
FNF:2
FNH:0
LF:13
LH:0
BRF:0
BRH:0
end_of_record
TN:
SF:script/L1/AmphorSyntheticVault/L1_WBTC_DeployAmphorSyntheticVault.sol
FN:9,L1_WBTC_DeployAmphorSyntheticVault.setUp
FNDA:0,L1_WBTC_DeployAmphorSyntheticVault.setUp
DA:13,0
DA:15,0
DA:16,0
DA:17,0
DA:19,0
DA:20,0
DA:27,0
DA:29,0
DA:32,0
DA:34,0
DA:38,0
FN:41,L1_WBTC_DeployAmphorSyntheticVault.run
FNDA:0,L1_WBTC_DeployAmphorSyntheticVault.run
DA:42,0
FNF:2
FNH:0
LF:12
LH:0
BRF:0
BRH:0
end_of_record
TN:
SF:script/L1/AmphorSyntheticVault/L1_WETH_DeployAmphorSyntheticVault.sol
FN:9,L1_WETH_DeployAmphorSyntheticVault.setUp
FNDA:0,L1_WETH_DeployAmphorSyntheticVault.setUp
DA:13,0
DA:15,0
DA:16,0
DA:17,0
DA:19,0
DA:20,0
DA:27,0
DA:29,0
DA:32,0
DA:34,0
DA:38,0
FN:41,L1_WETH_DeployAmphorSyntheticVault.run
FNDA:0,L1_WETH_DeployAmphorSyntheticVault.run
DA:42,0
FNF:2
FNH:0
LF:12
LH:0
BRF:0
BRH:0
end_of_record
TN:
SF:src/AmphorSyntheticVault.sol
FN:254,AmphorSyntheticVault.pause
FNDA:14,AmphorSyntheticVault.pause
DA:255,13
FN:266,AmphorSyntheticVault.unpause
FNDA:5,AmphorSyntheticVault.unpause
DA:267,4
FN:282,AmphorSyntheticVault.decimals
FNDA:7,AmphorSyntheticVault.decimals
DA:288,7
FN:306,AmphorSyntheticVault.totalAssets
FNDA:3,AmphorSyntheticVault.totalAssets
DA:307,1747
BRDA:307,0,0,1743
BRDA:307,0,1,4
DA:308,4
FN:319,AmphorSyntheticVault.convertToShares
FNDA:1,AmphorSyntheticVault.convertToShares
DA:320,1
FN:331,AmphorSyntheticVault.convertToAssets
FNDA:7,AmphorSyntheticVault.convertToAssets
DA:332,7
FN:342,AmphorSyntheticVault.maxDeposit
FNDA:4,AmphorSyntheticVault.maxDeposit
DA:343,856
FN:353,AmphorSyntheticVault.maxMint
FNDA:3,AmphorSyntheticVault.maxMint
DA:354,24
FN:365,AmphorSyntheticVault.maxWithdraw
FNDA:2,AmphorSyntheticVault.maxWithdraw
DA:366,12
DA:367,12
FN:380,AmphorSyntheticVault.maxRedeem
FNDA:3,AmphorSyntheticVault.maxRedeem
DA:381,10
FN:391,AmphorSyntheticVault.previewDeposit
FNDA:6,AmphorSyntheticVault.previewDeposit
DA:392,853
FN:402,AmphorSyntheticVault.previewMint
FNDA:25,AmphorSyntheticVault.previewMint
DA:403,41
FN:413,AmphorSyntheticVault.previewWithdraw
FNDA:1,AmphorSyntheticVault.previewWithdraw
DA:414,9
FN:424,AmphorSyntheticVault.previewRedeem
FNDA:819,AmphorSyntheticVault.previewRedeem
DA:425,824
FN:438,AmphorSyntheticVault.deposit
FNDA:838,AmphorSyntheticVault.deposit
DA:442,852
DA:443,852
BRDA:443,1,0,5
BRDA:443,1,1,847
DA:444,5
DA:447,847
DA:448,847
DA:450,847
FN:461,AmphorSyntheticVault.depositMinShares
FNDA:4,AmphorSyntheticVault.depositMinShares
DA:466,8
DA:467,8
BRDA:467,2,0,2
BRDA:467,2,1,6
DA:468,2
DA:473,6
FN:484,AmphorSyntheticVault.mint
FNDA:4,AmphorSyntheticVault.mint
DA:485,21
DA:486,21
BRDA:486,3,0,5
BRDA:486,3,1,16
DA:487,5
DA:490,16
DA:491,16
DA:493,16
FN:505,AmphorSyntheticVault.mintMaxAssets
FNDA:3,AmphorSyntheticVault.mintMaxAssets
DA:510,7
DA:511,7
BRDA:511,4,0,4
BRDA:511,4,1,3
DA:512,4
DA:518,3
FN:530,AmphorSyntheticVault.withdraw
FNDA:10,AmphorSyntheticVault.withdraw
DA:535,10
DA:536,10
BRDA:536,5,0,2
BRDA:536,5,1,8
DA:537,2
DA:540,8
DA:541,8
DA:543,8
FN:556,AmphorSyntheticVault.redeem
FNDA:7,AmphorSyntheticVault.redeem
DA:561,7
DA:562,7
BRDA:562,6,0,2
BRDA:562,6,1,5
DA:563,2
DA:566,5
DA:567,5
DA:569,5
FN:581,AmphorSyntheticVault._totalAssets
FNDA:1785,AmphorSyntheticVault._totalAssets
DA:582,1785
FN:593,AmphorSyntheticVault._convertToShares
FNDA:863,AmphorSyntheticVault._convertToShares
DA:597,863
DA:598,863
FN:613,AmphorSyntheticVault._convertToAssets
FNDA:881,AmphorSyntheticVault._convertToAssets
DA:617,881
DA:618,881
FN:633,AmphorSyntheticVault._deposit
FNDA:863,AmphorSyntheticVault._deposit
DA:648,863
DA:654,863
DA:656,863
FN:670,AmphorSyntheticVault._withdraw
FNDA:13,AmphorSyntheticVault._withdraw
DA:676,13
BRDA:676,7,0,4
BRDA:676,7,1,13
DA:677,4
DA:680,13
DA:681,13
DA:683,13
FN:697,AmphorSyntheticVault.start
FNDA:39,AmphorSyntheticVault.start
DA:698,39
BRDA:698,8,0,1
BRDA:698,8,1,38
DA:700,38
DA:701,38
DA:702,38
DA:704,38
FN:717,AmphorSyntheticVault.end
FNDA:16,AmphorSyntheticVault.end
DA:718,16
BRDA:718,9,0,1
BRDA:718,9,1,15
DA:720,15
DA:722,15
BRDA:722,10,0,5
BRDA:722,10,1,15
DA:723,5
DA:725,5
DA:727,5
DA:730,15
DA:737,15
DA:738,15
DA:740,15
FN:756,AmphorSyntheticVault.setFees
FNDA:5,AmphorSyntheticVault.setFees
DA:757,5
BRDA:757,11,0,1
BRDA:757,11,1,4
DA:758,4
DA:759,4
FN:770,AmphorSyntheticVault.claimToken
FNDA:2,AmphorSyntheticVault.claimToken
DA:771,2
BRDA:771,12,0,1
BRDA:771,12,1,1
DA:772,1
FNF:29
FNH:29
LF:81
LH:81
BRF:26
BRH:26
end_of_record
TN:
SF:src/AmphorSyntheticVaultWithPermit.sol
FN:61,AmphorSyntheticVaultWithPermit.depositWithPermit
FNDA:6,AmphorSyntheticVaultWithPermit.depositWithPermit
DA:66,6
DA:67,6
FN:80,AmphorSyntheticVaultWithPermit.mintWithPermit
FNDA:12,AmphorSyntheticVaultWithPermit.mintWithPermit
DA:85,12
DA:86,10
FN:89,AmphorSyntheticVaultWithPermit.depositWithPermitMinShares
FNDA:4,AmphorSyntheticVaultWithPermit.depositWithPermitMinShares
DA:95,4
DA:96,4
FN:111,AmphorSyntheticVaultWithPermit.mintWithPermitMaxAssets
FNDA:4,AmphorSyntheticVaultWithPermit.mintWithPermitMaxAssets
DA:117,4
DA:118,4
FN:121,AmphorSyntheticVaultWithPermit.execPermit
FNDA:26,AmphorSyntheticVaultWithPermit.execPermit
DA:126,26
FNF:5
FNH:5
LF:9
LH:9
BRF:0
BRH:0
end_of_record
TN:
SF:src/utils/PermitERC20.sol
FN:13,PermitERC20.mint
FNDA:0,PermitERC20.mint
DA:14,0
FNF:1
FNH:0
LF:1
LH:0
BRF:0
BRH:0
end_of_record
TN:
SF:test/SyntheticVault/SyntheticBase.t.sol
FN:31,SyntheticBaseTests.setUp
FNDA:0,SyntheticBaseTests.setUp
DA:33,0
DA:40,0
FN:43,SyntheticBaseTests._additionnalSetup
FNDA:0,SyntheticBaseTests._additionnalSetup
FN:45,SyntheticBaseTests._getUnderlyingBalance
FNDA:0,SyntheticBaseTests._getUnderlyingBalance
DA:50,0
FN:53,SyntheticBaseTests._getSharesBalance
FNDA:0,SyntheticBaseTests._getSharesBalance
DA:54,0
FN:57,SyntheticBaseTests.giveEthUnderlyingAndApprove
FNDA:0,SyntheticBaseTests.giveEthUnderlyingAndApprove
DA:61,0
DA:62,0
FN:65,SyntheticBaseTests.giveEthUnderlyingAndApprove
FNDA:0,SyntheticBaseTests.giveEthUnderlyingAndApprove
DA:69,0
DA:70,0
DA:71,0
DA:72,0
DA:73,0
FN:76,SyntheticBaseTests.assertUnderlyingBalance
FNDA:0,SyntheticBaseTests.assertUnderlyingBalance
DA:79,0
FN:86,SyntheticBaseTests.assertSharesBalance
FNDA:0,SyntheticBaseTests.assertSharesBalance
DA:89,0
FNF:8
FNH:0
LF:13
LH:0
BRF:0
BRH:0
end_of_record
TN:
SF:test/utils/SigUtils.sol
FN:24,SigUtils.getStructHash
FNDA:30,SigUtils.getStructHash
DA:29,30
FN:42,SigUtils.getTypedDataHash
FNDA:30,SigUtils.getTypedDataHash
DA:47,30
FNF:2
FNH:2
LF:2
LH:2
BRF:0
BRH:0
end_of_record
